<?xml version="1.0" encoding="utf-8"?><testsuites name="pytest tests"><testsuite name="pytest" errors="0" failures="2" skipped="0" tests="19" time="12.789" timestamp="2026-02-23T10:22:31.157088+00:00" hostname="agent-env-cf8ede98-fb67-4225-8aac-e385fff8d362"><testcase classname="backend.tests.test_asset_ticket_edit.TestAssetCRUD" name="test_create_asset" time="1.070" /><testcase classname="backend.tests.test_asset_ticket_edit.TestAssetCRUD" name="test_update_asset_brand" time="0.637" /><testcase classname="backend.tests.test_asset_ticket_edit.TestAssetCRUD" name="test_update_asset_model" time="0.606" /><testcase classname="backend.tests.test_asset_ticket_edit.TestAssetCRUD" name="test_update_asset_location" time="0.628" /><testcase classname="backend.tests.test_asset_ticket_edit.TestAssetCRUD" name="test_update_asset_multiple_fields" time="0.603" /><testcase classname="backend.tests.test_asset_ticket_edit.TestAssetCRUD" name="test_update_asset_not_found" time="0.497" /><testcase classname="backend.tests.test_asset_ticket_edit.TestAssetCRUD" name="test_delete_asset_success" time="0.602" /><testcase classname="backend.tests.test_asset_ticket_edit.TestAssetCRUD" name="test_delete_asset_not_found" time="0.475" /><testcase classname="backend.tests.test_asset_ticket_edit.TestAssetCRUD" name="test_delete_asset_with_open_ticket_fails" time="0.793" /><testcase classname="backend.tests.test_asset_ticket_edit.TestTicketEdit" name="test_update_ticket_title" time="0.658" /><testcase classname="backend.tests.test_asset_ticket_edit.TestTicketEdit" name="test_update_ticket_description" time="0.596" /><testcase classname="backend.tests.test_asset_ticket_edit.TestTicketEdit" name="test_update_ticket_category" time="0.647" /><testcase classname="backend.tests.test_asset_ticket_edit.TestTicketEdit" name="test_update_ticket_priority" time="0.592" /><testcase classname="backend.tests.test_asset_ticket_edit.TestTicketEdit" name="test_add_asset_to_ticket" time="0.757" /><testcase classname="backend.tests.test_asset_ticket_edit.TestTicketEdit" name="test_change_asset_on_ticket" time="0.853" /><testcase classname="backend.tests.test_asset_ticket_edit.TestTicketEdit" name="test_remove_asset_from_ticket" time="0.651"><failure message="AssertionError: assert '56defb09-0eef-4a84-ac34-41a8ea733d92' is None">backend/tests/test_asset_ticket_edit.py:354: in test_remove_asset_from_ticket
    assert response.json()["asset_id"] is None
E   AssertionError: assert '56defb09-0eef-4a84-ac34-41a8ea733d92' is None</failure></testcase><testcase classname="backend.tests.test_asset_ticket_edit.TestTicketEdit" name="test_update_multiple_ticket_fields" time="0.597" /><testcase classname="backend.tests.test_asset_ticket_edit.TestTicketEdit" name="test_asset_change_recorded_in_history" time="0.729"><failure message="AssertionError: Asset change not recorded in history&#10;assert 0 &gt; 0&#10; +  where 0 = len([])">backend/tests/test_asset_ticket_edit.py:396: in test_asset_change_recorded_in_history
    assert len(asset_change_events) &gt; 0, "Asset change not recorded in history"
E   AssertionError: Asset change not recorded in history
E   assert 0 &gt; 0
E    +  where 0 = len([])</failure></testcase><testcase classname="backend.tests.test_asset_ticket_edit.TestAssetHistory" name="test_asset_update_creates_history" time="0.680" /></testsuite></testsuites>