<?xml version="1.0" encoding="utf-8"?><testsuites name="pytest tests"><testsuite name="pytest" errors="0" failures="0" skipped="0" tests="31" time="7.960" timestamp="2026-02-22T22:53:21.314998+00:00" hostname="agent-env-142cd506-b49e-4715-8852-253f5b38866b"><testcase classname="backend.tests.test_sla_roles.TestAuth" name="test_login_success" time="0.394" /><testcase classname="backend.tests.test_sla_roles.TestSLAProfiles" name="test_get_sla_profiles" time="0.490" /><testcase classname="backend.tests.test_sla_roles.TestSLAProfiles" name="test_get_sla_profiles_requires_auth" time="0.124" /><testcase classname="backend.tests.test_sla_roles.TestSLAProfiles" name="test_create_sla_profile" time="0.127" /><testcase classname="backend.tests.test_sla_roles.TestSLAProfiles" name="test_create_duplicate_profile_fails" time="0.129" /><testcase classname="backend.tests.test_sla_roles.TestSLAProfiles" name="test_update_sla_profile" time="0.229" /><testcase classname="backend.tests.test_sla_roles.TestSLAProfiles" name="test_delete_sla_profile" time="0.244" /><testcase classname="backend.tests.test_sla_roles.TestBusinessHours" name="test_get_business_hours" time="0.472" /><testcase classname="backend.tests.test_sla_roles.TestBusinessHours" name="test_get_business_hours_requires_auth" time="0.100" /><testcase classname="backend.tests.test_sla_roles.TestBusinessHours" name="test_create_business_hours" time="0.103" /><testcase classname="backend.tests.test_sla_roles.TestBusinessHours" name="test_update_business_hours" time="0.249" /><testcase classname="backend.tests.test_sla_roles.TestSLAPauseResume" name="test_pause_sla" time="0.678" /><testcase classname="backend.tests.test_sla_roles.TestSLAPauseResume" name="test_pause_already_paused_fails" time="0.131" /><testcase classname="backend.tests.test_sla_roles.TestSLAPauseResume" name="test_resume_sla" time="0.112" /><testcase classname="backend.tests.test_sla_roles.TestSLAPauseResume" name="test_resume_not_paused_fails" time="0.121" /><testcase classname="backend.tests.test_sla_roles.TestSLAPauseResume" name="test_get_sla_history" time="0.114" /><testcase classname="backend.tests.test_sla_roles.TestRolesAndPermissions" name="test_get_permissions" time="0.480" /><testcase classname="backend.tests.test_sla_roles.TestRolesAndPermissions" name="test_get_permissions_requires_auth" time="0.100" /><testcase classname="backend.tests.test_sla_roles.TestRolesAndPermissions" name="test_get_roles" time="0.124" /><testcase classname="backend.tests.test_sla_roles.TestRolesAndPermissions" name="test_get_roles_requires_auth" time="0.110" /><testcase classname="backend.tests.test_sla_roles.TestRolesAndPermissions" name="test_create_custom_role" time="0.111" /><testcase classname="backend.tests.test_sla_roles.TestRolesAndPermissions" name="test_create_duplicate_role_fails" time="0.135" /><testcase classname="backend.tests.test_sla_roles.TestRolesAndPermissions" name="test_update_custom_role" time="0.313" /><testcase classname="backend.tests.test_sla_roles.TestRolesAndPermissions" name="test_update_system_role_fails" time="0.236" /><testcase classname="backend.tests.test_sla_roles.TestRolesAndPermissions" name="test_delete_custom_role" time="0.267" /><testcase classname="backend.tests.test_sla_roles.TestRolesAndPermissions" name="test_delete_system_role_fails" time="0.265" /><testcase classname="backend.tests.test_sla_roles.TestAssetWarrantyExpiry" name="test_get_warranty_expiring_assets" time="0.712" /><testcase classname="backend.tests.test_sla_roles.TestAssetWarrantyExpiry" name="test_get_warranty_expiring_requires_auth" time="0.152" /><testcase classname="backend.tests.test_sla_roles.TestAssetHistory" name="test_get_asset_history" time="0.686" /><testcase classname="backend.tests.test_sla_roles.TestAssetHistory" name="test_asset_update_creates_history" time="0.272" /><testcase classname="backend.tests.test_sla_roles.TestAssetHistory" name="test_get_asset_history_requires_auth" time="0.115" /></testsuite></testsuites>