<?xml version="1.0" encoding="utf-8"?><testsuites name="pytest tests"><testsuite name="pytest" errors="0" failures="0" skipped="0" tests="11" time="6.906" timestamp="2026-02-23T13:23:51.422060+00:00" hostname="agent-env-1d3bf947-ead3-42d0-b5d8-b60ec406ed44"><testcase classname="backend.tests.test_pdf_efatura.TestPDFAndEFatura" name="test_quote_pdf_download" time="0.756" /><testcase classname="backend.tests.test_pdf_efatura.TestPDFAndEFatura" name="test_quote_pdf_not_found" time="0.484" /><testcase classname="backend.tests.test_pdf_efatura.TestPDFAndEFatura" name="test_accept_quote_creates_invoice" time="0.842" /><testcase classname="backend.tests.test_pdf_efatura.TestPDFAndEFatura" name="test_accept_already_accepted_quote" time="0.739" /><testcase classname="backend.tests.test_pdf_efatura.TestPDFAndEFatura" name="test_invoice_pdf_download" time="0.696" /><testcase classname="backend.tests.test_pdf_efatura.TestPDFAndEFatura" name="test_invoice_pdf_not_found" time="0.436" /><testcase classname="backend.tests.test_pdf_efatura.TestPDFAndEFatura" name="test_efatura_requires_firm_id" time="0.794" /><testcase classname="backend.tests.test_pdf_efatura.TestPDFAndEFatura" name="test_efatura_draft_invoice_fails" time="0.553" /><testcase classname="backend.tests.test_pdf_efatura.TestPDFAndEFatura" name="test_service_report_pdf_download" time="0.658" /><testcase classname="backend.tests.test_pdf_efatura.TestPDFAndEFatura" name="test_service_report_pdf_not_found" time="0.448" /><testcase classname="backend.tests.test_pdf_efatura.TestPDFAndEFatura" name="test_get_bizimhesap_settings" time="0.443" /></testsuite></testsuites>