<?xml version="1.0" encoding="utf-8"?><testsuites name="pytest tests"><testsuite name="pytest" errors="0" failures="0" skipped="0" tests="33" time="7.909" timestamp="2026-02-22T22:16:26.066820+00:00" hostname="agent-env-142cd506-b49e-4715-8852-253f5b38866b"><testcase classname="backend.tests.test_parts_inventory.TestPartsCRUD" name="test_create_part_sfp" time="0.599" /><testcase classname="backend.tests.test_parts_inventory.TestPartsCRUD" name="test_create_part_psu" time="0.179" /><testcase classname="backend.tests.test_parts_inventory.TestPartsCRUD" name="test_create_part_cable" time="0.125" /><testcase classname="backend.tests.test_parts_inventory.TestPartsCRUD" name="test_create_part_duplicate_number_fails" time="0.254" /><testcase classname="backend.tests.test_parts_inventory.TestPartsCRUD" name="test_get_parts_list" time="0.133" /><testcase classname="backend.tests.test_parts_inventory.TestPartsCRUD" name="test_get_part_by_id" time="0.237" /><testcase classname="backend.tests.test_parts_inventory.TestPartsCRUD" name="test_update_part" time="0.259" /><testcase classname="backend.tests.test_parts_inventory.TestPartsCRUD" name="test_filter_parts_by_category" time="0.135" /><testcase classname="backend.tests.test_parts_inventory.TestStockMovements" name="test_stock_in_general" time="0.376" /><testcase classname="backend.tests.test_parts_inventory.TestStockMovements" name="test_stock_out_general" time="0.365" /><testcase classname="backend.tests.test_parts_inventory.TestStockMovements" name="test_stock_purchase" time="0.119" /><testcase classname="backend.tests.test_parts_inventory.TestStockMovements" name="test_stock_scrap" time="0.164" /><testcase classname="backend.tests.test_parts_inventory.TestStockMovements" name="test_stock_adjustment_plus" time="0.150" /><testcase classname="backend.tests.test_parts_inventory.TestStockMovements" name="test_stock_out_insufficient_fails" time="0.116" /><testcase classname="backend.tests.test_parts_inventory.TestStockMovements" name="test_get_stock_movements" time="0.106" /><testcase classname="backend.tests.test_parts_inventory.TestStockMovements" name="test_get_stock_movements_by_part" time="0.114" /><testcase classname="backend.tests.test_parts_inventory.TestPartReservations" name="test_create_reservation" time="0.543" /><testcase classname="backend.tests.test_parts_inventory.TestPartReservations" name="test_get_reservations_by_work_order" time="0.129" /><testcase classname="backend.tests.test_parts_inventory.TestPartReservations" name="test_cancel_reservation" time="0.404" /><testcase classname="backend.tests.test_parts_inventory.TestPartReservations" name="test_use_reservation" time="0.225" /><testcase classname="backend.tests.test_parts_inventory.TestPartReservations" name="test_reservation_insufficient_stock_fails" time="0.136" /><testcase classname="backend.tests.test_parts_inventory.TestPartUsage" name="test_add_part_usage" time="0.570" /><testcase classname="backend.tests.test_parts_inventory.TestPartUsage" name="test_get_part_usage_by_work_order" time="0.128" /><testcase classname="backend.tests.test_parts_inventory.TestPartUsage" name="test_part_usage_insufficient_stock_fails" time="0.142" /><testcase classname="backend.tests.test_parts_inventory.TestLowStockAlerts" name="test_get_low_stock_alerts" time="0.291" /><testcase classname="backend.tests.test_parts_inventory.TestLowStockAlerts" name="test_low_stock_alert_structure" time="0.123" /><testcase classname="backend.tests.test_parts_inventory.TestSerializedParts" name="test_add_serialized_part" time="0.379" /><testcase classname="backend.tests.test_parts_inventory.TestSerializedParts" name="test_get_serialized_parts" time="0.177" /><testcase classname="backend.tests.test_parts_inventory.TestSerializedParts" name="test_duplicate_serial_fails" time="0.267" /><testcase classname="backend.tests.test_parts_inventory.TestPartReturns" name="test_return_to_stock" time="0.445" /><testcase classname="backend.tests.test_parts_inventory.TestPartReturns" name="test_scrap_return" time="0.116" /><testcase classname="backend.tests.test_parts_inventory.TestPartReturns" name="test_get_part_returns" time="0.130" /><testcase classname="backend.tests.test_parts_inventory.TestDashboardWithParts" name="test_dashboard_includes_low_stock" time="0.118" /></testsuite></testsuites>