<?xml version="1.0" encoding="utf-8"?><testsuites name="pytest tests"><testsuite name="pytest" errors="0" failures="0" skipped="0" tests="15" time="10.177" timestamp="2026-02-23T09:28:03.256881+00:00" hostname="agent-env-04511d54-bb3a-441d-a02e-99f59cdbeb5e"><testcase classname="backend.tests.test_portal_users_and_reports.TestPortalUserManagement" name="test_get_portal_users_list" time="0.586" /><testcase classname="backend.tests.test_portal_users_and_reports.TestPortalUserManagement" name="test_get_portal_users_by_customer" time="0.544" /><testcase classname="backend.tests.test_portal_users_and_reports.TestPortalUserManagement" name="test_create_portal_user" time="0.745" /><testcase classname="backend.tests.test_portal_users_and_reports.TestPortalUserManagement" name="test_update_portal_user" time="0.821" /><testcase classname="backend.tests.test_portal_users_and_reports.TestPortalUserManagement" name="test_update_portal_user_email_conflict" time="1.246" /><testcase classname="backend.tests.test_portal_users_and_reports.TestPortalUserManagement" name="test_reset_portal_user_password" time="1.360" /><testcase classname="backend.tests.test_portal_users_and_reports.TestPortalUserManagement" name="test_reset_password_short_password" time="0.806" /><testcase classname="backend.tests.test_portal_users_and_reports.TestPortalUserManagement" name="test_delete_portal_user" time="0.795" /><testcase classname="backend.tests.test_portal_users_and_reports.TestPortalUserManagement" name="test_delete_nonexistent_user" time="0.496" /><testcase classname="backend.tests.test_portal_users_and_reports.TestPortalUserManagement" name="test_toggle_portal_user_active" time="0.811" /><testcase classname="backend.tests.test_portal_users_and_reports.TestServiceReport" name="test_get_service_report_existing_ticket" time="0.372" /><testcase classname="backend.tests.test_portal_users_and_reports.TestServiceReport" name="test_get_service_report_nonexistent_ticket" time="0.370" /><testcase classname="backend.tests.test_portal_users_and_reports.TestQuoteData" name="test_get_customers_for_quote" time="0.408" /><testcase classname="backend.tests.test_portal_users_and_reports.TestQuoteData" name="test_get_parts_for_quote" time="0.374" /><testcase classname="backend.tests.test_portal_users_and_reports.TestQuoteData" name="test_get_system_settings_for_quote" time="0.368" /></testsuite></testsuites>