<?xml version="1.0" encoding="utf-8"?><testsuites name="pytest tests"><testsuite name="pytest" errors="0" failures="7" skipped="0" tests="19" time="10.529" timestamp="2026-02-23T10:55:49.194973+00:00" hostname="agent-env-cf8ede98-fb67-4225-8aac-e385fff8d362"><testcase classname="backend.tests.test_ledger_invoice_payment.TestLedgerInvoicePayment" name="test_ledger_summary" time="0.577" /><testcase classname="backend.tests.test_ledger_invoice_payment.TestLedgerInvoicePayment" name="test_ledger_customer_detail" time="0.445" /><testcase classname="backend.tests.test_ledger_invoice_payment.TestLedgerInvoicePayment" name="test_ledger_customer_not_found" time="0.399" /><testcase classname="backend.tests.test_ledger_invoice_payment.TestLedgerInvoicePayment" name="test_ledger_opening_balance" time="0.523"><failure message="AssertionError: Expected 200 or 400, got 520&#10;assert 520 in [200, 400]&#10; +  where 520 = &lt;Response [520]&gt;.status_code">backend/tests/test_ledger_invoice_payment.py:125: in test_ledger_opening_balance
    assert response.status_code in [200, 400], f"Expected 200 or 400, got {response.status_code}"
E   AssertionError: Expected 200 or 400, got 520
E   assert 520 in [200, 400]
E    +  where 520 = &lt;Response [520]&gt;.status_code</failure></testcase><testcase classname="backend.tests.test_ledger_invoice_payment.TestLedgerInvoicePayment" name="test_invoice_list" time="0.388" /><testcase classname="backend.tests.test_ledger_invoice_payment.TestLedgerInvoicePayment" name="test_invoice_list_with_customer_filter" time="0.462" /><testcase classname="backend.tests.test_ledger_invoice_payment.TestLedgerInvoicePayment" name="test_invoice_create" time="0.516" /><testcase classname="backend.tests.test_ledger_invoice_payment.TestLedgerInvoicePayment" name="test_invoice_get_detail" time="0.571" /><testcase classname="backend.tests.test_ledger_invoice_payment.TestLedgerInvoicePayment" name="test_invoice_not_found" time="0.412" /><testcase classname="backend.tests.test_ledger_invoice_payment.TestLedgerInvoicePayment" name="test_invoice_finalize" time="0.747"><failure message="AssertionError: Finalized invoice should be in pending status&#10;assert 'success' == 'pending'&#10;  &#10;  - pending&#10;  + success">backend/tests/test_ledger_invoice_payment.py:251: in test_invoice_finalize
    assert data.get("status") == "pending", "Finalized invoice should be in pending status"
E   AssertionError: Finalized invoice should be in pending status
E   assert 'success' == 'pending'
E     
E     - pending
E     + success</failure></testcase><testcase classname="backend.tests.test_ledger_invoice_payment.TestLedgerInvoicePayment" name="test_invoice_finalize_already_finalized" time="0.644"><failure message="AssertionError: Finalized invoice should be in pending status&#10;assert 'success' == 'pending'&#10;  &#10;  - pending&#10;  + success">backend/tests/test_ledger_invoice_payment.py:274: in test_invoice_finalize_already_finalized
    invoice = self.test_invoice_finalize()
              ^^^^^^^^^^^^^^^^^^^^^^^^^^^^
backend/tests/test_ledger_invoice_payment.py:251: in test_invoice_finalize
    assert data.get("status") == "pending", "Finalized invoice should be in pending status"
E   AssertionError: Finalized invoice should be in pending status
E   assert 'success' == 'pending'
E     
E     - pending
E     + success</failure></testcase><testcase classname="backend.tests.test_ledger_invoice_payment.TestLedgerInvoicePayment" name="test_invoice_delete_draft" time="0.560" /><testcase classname="backend.tests.test_ledger_invoice_payment.TestLedgerInvoicePayment" name="test_invoice_delete_finalized_fails" time="0.607"><failure message="AssertionError: Finalized invoice should be in pending status&#10;assert 'success' == 'pending'&#10;  &#10;  - pending&#10;  + success">backend/tests/test_ledger_invoice_payment.py:304: in test_invoice_delete_finalized_fails
    invoice = self.test_invoice_finalize()
              ^^^^^^^^^^^^^^^^^^^^^^^^^^^^
backend/tests/test_ledger_invoice_payment.py:251: in test_invoice_finalize
    assert data.get("status") == "pending", "Finalized invoice should be in pending status"
E   AssertionError: Finalized invoice should be in pending status
E   assert 'success' == 'pending'
E     
E     - pending
E     + success</failure></testcase><testcase classname="backend.tests.test_ledger_invoice_payment.TestLedgerInvoicePayment" name="test_invoice_stats_summary" time="0.369" /><testcase classname="backend.tests.test_ledger_invoice_payment.TestLedgerInvoicePayment" name="test_payment_create" time="0.664"><failure message="AssertionError: Finalized invoice should be in pending status&#10;assert 'success' == 'pending'&#10;  &#10;  - pending&#10;  + success">backend/tests/test_ledger_invoice_payment.py:335: in test_payment_create
    invoice = self.test_invoice_finalize()
              ^^^^^^^^^^^^^^^^^^^^^^^^^^^^
backend/tests/test_ledger_invoice_payment.py:251: in test_invoice_finalize
    assert data.get("status") == "pending", "Finalized invoice should be in pending status"
E   AssertionError: Finalized invoice should be in pending status
E   assert 'success' == 'pending'
E     
E     - pending
E     + success</failure></testcase><testcase classname="backend.tests.test_ledger_invoice_payment.TestLedgerInvoicePayment" name="test_payment_partial" time="0.611"><failure message="AssertionError: Finalized invoice should be in pending status&#10;assert 'success' == 'pending'&#10;  &#10;  - pending&#10;  + success">backend/tests/test_ledger_invoice_payment.py:389: in test_payment_partial
    invoice = self.test_invoice_finalize()
              ^^^^^^^^^^^^^^^^^^^^^^^^^^^^
backend/tests/test_ledger_invoice_payment.py:251: in test_invoice_finalize
    assert data.get("status") == "pending", "Finalized invoice should be in pending status"
E   AssertionError: Finalized invoice should be in pending status
E   assert 'success' == 'pending'
E     
E     - pending
E     + success</failure></testcase><testcase classname="backend.tests.test_ledger_invoice_payment.TestLedgerInvoicePayment" name="test_payment_list" time="0.420" /><testcase classname="backend.tests.test_ledger_invoice_payment.TestLedgerInvoicePayment" name="test_payment_get_detail" time="0.609"><failure message="AssertionError: Finalized invoice should be in pending status&#10;assert 'success' == 'pending'&#10;  &#10;  - pending&#10;  + success">backend/tests/test_ledger_invoice_payment.py:428: in test_payment_get_detail
    payment = self.test_payment_create()
              ^^^^^^^^^^^^^^^^^^^^^^^^^^
backend/tests/test_ledger_invoice_payment.py:335: in test_payment_create
    invoice = self.test_invoice_finalize()
              ^^^^^^^^^^^^^^^^^^^^^^^^^^^^
backend/tests/test_ledger_invoice_payment.py:251: in test_invoice_finalize
    assert data.get("status") == "pending", "Finalized invoice should be in pending status"
E   AssertionError: Finalized invoice should be in pending status
E   assert 'success' == 'pending'
E     
E     - pending
E     + success</failure></testcase><testcase classname="backend.tests.test_ledger_invoice_payment.TestLedgerInvoicePayment" name="test_full_invoice_payment_flow" time="0.820" /></testsuite></testsuites>