<?xml version="1.0" encoding="utf-8"?><testsuites name="pytest tests"><testsuite name="pytest" errors="0" failures="0" skipped="0" tests="19" time="12.919" timestamp="2026-02-23T10:26:22.337343+00:00" hostname="agent-env-cf8ede98-fb67-4225-8aac-e385fff8d362"><testcase classname="backend.tests.test_asset_ticket_edit.TestAssetCRUD" name="test_create_asset" time="0.951" /><testcase classname="backend.tests.test_asset_ticket_edit.TestAssetCRUD" name="test_update_asset_brand" time="0.755" /><testcase classname="backend.tests.test_asset_ticket_edit.TestAssetCRUD" name="test_update_asset_model" time="0.638" /><testcase classname="backend.tests.test_asset_ticket_edit.TestAssetCRUD" name="test_update_asset_location" time="0.600" /><testcase classname="backend.tests.test_asset_ticket_edit.TestAssetCRUD" name="test_update_asset_multiple_fields" time="0.621" /><testcase classname="backend.tests.test_asset_ticket_edit.TestAssetCRUD" name="test_update_asset_not_found" time="0.517" /><testcase classname="backend.tests.test_asset_ticket_edit.TestAssetCRUD" name="test_delete_asset_success" time="0.600" /><testcase classname="backend.tests.test_asset_ticket_edit.TestAssetCRUD" name="test_delete_asset_not_found" time="0.499" /><testcase classname="backend.tests.test_asset_ticket_edit.TestAssetCRUD" name="test_delete_asset_with_open_ticket_fails" time="0.778" /><testcase classname="backend.tests.test_asset_ticket_edit.TestTicketEdit" name="test_update_ticket_title" time="0.645" /><testcase classname="backend.tests.test_asset_ticket_edit.TestTicketEdit" name="test_update_ticket_description" time="0.585" /><testcase classname="backend.tests.test_asset_ticket_edit.TestTicketEdit" name="test_update_ticket_category" time="0.608" /><testcase classname="backend.tests.test_asset_ticket_edit.TestTicketEdit" name="test_update_ticket_priority" time="0.589" /><testcase classname="backend.tests.test_asset_ticket_edit.TestTicketEdit" name="test_add_asset_to_ticket" time="0.762" /><testcase classname="backend.tests.test_asset_ticket_edit.TestTicketEdit" name="test_change_asset_on_ticket" time="0.860" /><testcase classname="backend.tests.test_asset_ticket_edit.TestTicketEdit" name="test_remove_asset_from_ticket" time="0.709" /><testcase classname="backend.tests.test_asset_ticket_edit.TestTicketEdit" name="test_update_multiple_ticket_fields" time="0.630" /><testcase classname="backend.tests.test_asset_ticket_edit.TestTicketEdit" name="test_asset_change_recorded_in_history" time="0.895" /><testcase classname="backend.tests.test_asset_ticket_edit.TestAssetHistory" name="test_asset_update_creates_history" time="0.613" /></testsuite></testsuites>