<?xml version="1.0" encoding="utf-8"?><testsuites name="pytest tests"><testsuite name="pytest" errors="0" failures="0" skipped="0" tests="23" time="12.491" timestamp="2026-02-22T22:32:08.695109+00:00" hostname="agent-env-142cd506-b49e-4715-8852-253f5b38866b"><testcase classname="backend.tests.test_notifications.TestNotificationAPIs" name="test_get_notification_settings" time="0.528" /><testcase classname="backend.tests.test_notifications.TestNotificationAPIs" name="test_update_notification_settings_email_toggle" time="1.924" /><testcase classname="backend.tests.test_notifications.TestNotificationAPIs" name="test_update_notification_settings_sms_toggle" time="0.500" /><testcase classname="backend.tests.test_notifications.TestNotificationAPIs" name="test_update_notification_settings_event_toggles" time="0.525" /><testcase classname="backend.tests.test_notifications.TestNotificationAPIs" name="test_update_notification_settings_netgsm_credentials" time="0.624" /><testcase classname="backend.tests.test_notifications.TestNotificationAPIs" name="test_get_notifications_list" time="0.480" /><testcase classname="backend.tests.test_notifications.TestNotificationAPIs" name="test_get_notifications_with_limit" time="0.399" /><testcase classname="backend.tests.test_notifications.TestNotificationAPIs" name="test_get_notifications_with_channel_filter" time="0.387" /><testcase classname="backend.tests.test_notifications.TestNotificationAPIs" name="test_get_notifications_with_status_filter" time="0.470" /><testcase classname="backend.tests.test_notifications.TestNotificationAPIs" name="test_send_manual_email_notification" time="0.446" /><testcase classname="backend.tests.test_notifications.TestNotificationAPIs" name="test_send_manual_sms_notification" time="0.948" /><testcase classname="backend.tests.test_notifications.TestNotificationAPIs" name="test_get_notification_templates" time="0.412" /><testcase classname="backend.tests.test_notifications.TestNotificationAPIs" name="test_sla_check" time="0.396" /><testcase classname="backend.tests.test_notifications.TestNotificationAPIs" name="test_test_email_notification" time="0.420" /><testcase classname="backend.tests.test_notifications.TestNotificationAPIs" name="test_test_sms_notification" time="0.966" /><testcase classname="backend.tests.test_notifications.TestNotificationAPIs" name="test_notification_on_ticket_creation" time="1.579" /><testcase classname="backend.tests.test_notifications.TestNotificationAPIs" name="test_notification_settings_persistence" time="0.596" /><testcase classname="backend.tests.test_notifications.TestNotificationAuth" name="test_get_settings_requires_auth" time="0.104" /><testcase classname="backend.tests.test_notifications.TestNotificationAuth" name="test_patch_settings_requires_auth" time="0.177" /><testcase classname="backend.tests.test_notifications.TestNotificationAuth" name="test_get_notifications_requires_auth" time="0.120" /><testcase classname="backend.tests.test_notifications.TestNotificationAuth" name="test_send_notification_requires_auth" time="0.112" /><testcase classname="backend.tests.test_notifications.TestNotificationAuth" name="test_templates_requires_auth" time="0.165" /><testcase classname="backend.tests.test_notifications.TestNotificationAuth" name="test_sla_check_requires_auth" time="0.124" /></testsuite></testsuites>