<?xml version="1.0" encoding="utf-8"?><testsuites name="pytest tests"><testsuite name="pytest" errors="0" failures="0" skipped="0" tests="15" time="8.849" timestamp="2026-02-23T09:51:39.273349+00:00" hostname="agent-env-04511d54-bb3a-441d-a02e-99f59cdbeb5e"><testcase classname="backend.tests.test_quotes.TestQuoteManagement" name="test_get_quotes_list" time="0.479" /><testcase classname="backend.tests.test_quotes.TestQuoteManagement" name="test_get_quotes_filter_by_status" time="0.478" /><testcase classname="backend.tests.test_quotes.TestQuoteManagement" name="test_create_quote_success" time="0.571" /><testcase classname="backend.tests.test_quotes.TestQuoteManagement" name="test_create_quote_with_multiple_items" time="0.552" /><testcase classname="backend.tests.test_quotes.TestQuoteManagement" name="test_get_single_quote" time="0.577" /><testcase classname="backend.tests.test_quotes.TestQuoteManagement" name="test_get_nonexistent_quote" time="0.484" /><testcase classname="backend.tests.test_quotes.TestQuoteManagement" name="test_update_quote_subject" time="0.664" /><testcase classname="backend.tests.test_quotes.TestQuoteManagement" name="test_update_quote_status_to_sent" time="0.649" /><testcase classname="backend.tests.test_quotes.TestQuoteManagement" name="test_update_quote_status_to_accepted" time="0.705" /><testcase classname="backend.tests.test_quotes.TestQuoteManagement" name="test_update_quote_status_to_rejected" time="0.712" /><testcase classname="backend.tests.test_quotes.TestQuoteManagement" name="test_duplicate_quote" time="0.653" /><testcase classname="backend.tests.test_quotes.TestQuoteManagement" name="test_duplicate_nonexistent_quote" time="0.539" /><testcase classname="backend.tests.test_quotes.TestQuoteManagement" name="test_delete_quote" time="0.771" /><testcase classname="backend.tests.test_quotes.TestQuoteManagement" name="test_delete_nonexistent_quote" time="0.473" /><testcase classname="backend.tests.test_quotes.TestQuoteManagement" name="test_existing_quote_tkl_000001" time="0.491" /></testsuite></testsuites>