<?xml version="1.0" encoding="utf-8"?><testsuites name="pytest tests"><testsuite name="pytest" errors="0" failures="0" skipped="0" tests="19" time="10.020" timestamp="2026-02-23T10:57:20.453973+00:00" hostname="agent-env-cf8ede98-fb67-4225-8aac-e385fff8d362"><testcase classname="backend.tests.test_ledger_invoice_payment.TestLedgerInvoicePayment" name="test_ledger_summary" time="0.531" /><testcase classname="backend.tests.test_ledger_invoice_payment.TestLedgerInvoicePayment" name="test_ledger_customer_detail" time="0.480" /><testcase classname="backend.tests.test_ledger_invoice_payment.TestLedgerInvoicePayment" name="test_ledger_customer_not_found" time="0.400" /><testcase classname="backend.tests.test_ledger_invoice_payment.TestLedgerInvoicePayment" name="test_ledger_opening_balance" time="0.441" /><testcase classname="backend.tests.test_ledger_invoice_payment.TestLedgerInvoicePayment" name="test_invoice_list" time="0.391" /><testcase classname="backend.tests.test_ledger_invoice_payment.TestLedgerInvoicePayment" name="test_invoice_list_with_customer_filter" time="0.435" /><testcase classname="backend.tests.test_ledger_invoice_payment.TestLedgerInvoicePayment" name="test_invoice_create" time="0.501" /><testcase classname="backend.tests.test_ledger_invoice_payment.TestLedgerInvoicePayment" name="test_invoice_get_detail" time="0.541" /><testcase classname="backend.tests.test_ledger_invoice_payment.TestLedgerInvoicePayment" name="test_invoice_not_found" time="0.372" /><testcase classname="backend.tests.test_ledger_invoice_payment.TestLedgerInvoicePayment" name="test_invoice_finalize" time="0.642" /><testcase classname="backend.tests.test_ledger_invoice_payment.TestLedgerInvoicePayment" name="test_invoice_finalize_already_finalized" time="0.521" /><testcase classname="backend.tests.test_ledger_invoice_payment.TestLedgerInvoicePayment" name="test_invoice_delete_draft" time="0.539" /><testcase classname="backend.tests.test_ledger_invoice_payment.TestLedgerInvoicePayment" name="test_invoice_delete_finalized_fails" time="0.548" /><testcase classname="backend.tests.test_ledger_invoice_payment.TestLedgerInvoicePayment" name="test_invoice_stats_summary" time="0.391" /><testcase classname="backend.tests.test_ledger_invoice_payment.TestLedgerInvoicePayment" name="test_payment_create" time="0.688" /><testcase classname="backend.tests.test_ledger_invoice_payment.TestLedgerInvoicePayment" name="test_payment_partial" time="0.592" /><testcase classname="backend.tests.test_ledger_invoice_payment.TestLedgerInvoicePayment" name="test_payment_list" time="0.393" /><testcase classname="backend.tests.test_ledger_invoice_payment.TestLedgerInvoicePayment" name="test_payment_get_detail" time="0.612" /><testcase classname="backend.tests.test_ledger_invoice_payment.TestLedgerInvoicePayment" name="test_full_invoice_payment_flow" time="0.903" /></testsuite></testsuites>