<?xml version="1.0" encoding="utf-8"?><testsuites name="pytest tests"><testsuite name="pytest" errors="0" failures="0" skipped="0" tests="21" time="17.537" timestamp="2026-02-23T10:01:32.310148+00:00" hostname="agent-env-04511d54-bb3a-441d-a02e-99f59cdbeb5e"><testcase classname="backend.tests.test_user_crud_ticket_delete.TestUserCRUD" name="test_get_users_list" time="0.614" /><testcase classname="backend.tests.test_user_crud_ticket_delete.TestUserCRUD" name="test_create_user_for_crud_tests" time="0.778" /><testcase classname="backend.tests.test_user_crud_ticket_delete.TestUserCRUD" name="test_update_user_full_name" time="0.804" /><testcase classname="backend.tests.test_user_crud_ticket_delete.TestUserCRUD" name="test_update_user_email" time="0.815" /><testcase classname="backend.tests.test_user_crud_ticket_delete.TestUserCRUD" name="test_update_user_role" time="0.754" /><testcase classname="backend.tests.test_user_crud_ticket_delete.TestUserCRUD" name="test_update_nonexistent_user" time="0.473" /><testcase classname="backend.tests.test_user_crud_ticket_delete.TestUserCRUD" name="test_update_duplicate_email" time="1.123" /><testcase classname="backend.tests.test_user_crud_ticket_delete.TestUserCRUD" name="test_reset_password" time="1.363" /><testcase classname="backend.tests.test_user_crud_ticket_delete.TestUserCRUD" name="test_reset_password_too_short" time="0.750" /><testcase classname="backend.tests.test_user_crud_ticket_delete.TestUserCRUD" name="test_reset_password_nonexistent_user" time="0.433" /><testcase classname="backend.tests.test_user_crud_ticket_delete.TestUserCRUD" name="test_delete_user" time="0.788" /><testcase classname="backend.tests.test_user_crud_ticket_delete.TestUserCRUD" name="test_delete_nonexistent_user" time="0.451" /><testcase classname="backend.tests.test_user_crud_ticket_delete.TestUserCRUD" name="test_delete_self_not_allowed" time="0.443" /><testcase classname="backend.tests.test_user_crud_ticket_delete.TestTicketDelete" name="test_get_tickets_list" time="0.633" /><testcase classname="backend.tests.test_user_crud_ticket_delete.TestTicketDelete" name="test_delete_ticket" time="0.612" /><testcase classname="backend.tests.test_user_crud_ticket_delete.TestTicketDelete" name="test_delete_ticket_with_comments" time="0.702" /><testcase classname="backend.tests.test_user_crud_ticket_delete.TestTicketDelete" name="test_delete_nonexistent_ticket" time="0.402" /><testcase classname="backend.tests.test_user_crud_ticket_delete.TestNonAdminPermissions" name="test_non_admin_cannot_delete_other_users" time="1.443" /><testcase classname="backend.tests.test_user_crud_ticket_delete.TestNonAdminPermissions" name="test_non_admin_cannot_update_other_users" time="1.384" /><testcase classname="backend.tests.test_user_crud_ticket_delete.TestNonAdminPermissions" name="test_user_can_update_own_profile" time="1.035" /><testcase classname="backend.tests.test_user_crud_ticket_delete.TestNonAdminPermissions" name="test_user_can_reset_own_password" time="1.645" /></testsuite></testsuites>