<?xml version="1.0" encoding="utf-8"?><testsuites name="pytest tests"><testsuite name="pytest" errors="0" failures="1" skipped="0" tests="20" time="5.649" timestamp="2026-02-23T09:07:46.890989+00:00" hostname="agent-env-04511d54-bb3a-441d-a02e-99f59cdbeb5e"><testcase classname="backend.tests.test_new_features.TestAuth" name="test_login_success" time="0.415" /><testcase classname="backend.tests.test_new_features.TestTicketTimeline" name="test_get_ticket_history" time="0.430" /><testcase classname="backend.tests.test_new_features.TestTicketTimeline" name="test_ticket_history_has_created_event" time="0.107" /><testcase classname="backend.tests.test_new_features.TestTicketTimeline" name="test_ticket_history_not_found" time="0.098" /><testcase classname="backend.tests.test_new_features.TestTicketTimeline" name="test_ticket_history_unauthorized" time="0.096" /><testcase classname="backend.tests.test_new_features.TestContractManagement" name="test_get_contracts_list" time="0.435" /><testcase classname="backend.tests.test_new_features.TestContractManagement" name="test_create_contract" time="0.223" /><testcase classname="backend.tests.test_new_features.TestContractManagement" name="test_get_contract_by_id" time="0.297" /><testcase classname="backend.tests.test_new_features.TestContractManagement" name="test_update_contract" time="0.204" /><testcase classname="backend.tests.test_new_features.TestContractManagement" name="test_delete_contract" time="0.344" /><testcase classname="backend.tests.test_new_features.TestContractManagement" name="test_get_expiring_contracts" time="0.100" /><testcase classname="backend.tests.test_new_features.TestContractManagement" name="test_contracts_unauthorized" time="0.093" /><testcase classname="backend.tests.test_new_features.TestRMAManagement" name="test_get_rma_list" time="0.429" /><testcase classname="backend.tests.test_new_features.TestRMAManagement" name="test_rma_has_progress_fields" time="0.130" /><testcase classname="backend.tests.test_new_features.TestRMAManagement" name="test_rma_unauthorized" time="0.095" /><testcase classname="backend.tests.test_new_features.TestTechnicianPerformance" name="test_get_technician_performance" time="0.428" /><testcase classname="backend.tests.test_new_features.TestTechnicianPerformance" name="test_technician_performance_with_date_filter" time="0.108" /><testcase classname="backend.tests.test_new_features.TestTechnicianPerformance" name="test_technician_performance_detail" time="0.194"><failure message="AssertionError: assert 'name' in {'monthly_trend': [{'count': 5, 'month': '2026-02'}], 'recent_work_orders': [{'assigned_technician': '11a924a0-c265-4da1-8bf4-db4553383cb2', 'checklist': [{'completed': False, 'completed_at': None, 'id': 'ddaebd8e-bdba-40e1-a91b-11dab27f0569', 'task': 'Müşteri ile randevu onayı'}, {'completed': False, 'completed_at': None, 'id': '2e8aabfa-207c-49b2-8499-43d3190147c8', 'task': 'Cihaz fiziksel kontrolü'}], 'completed_at': None, 'created_at': '2026-02-22T21:55:23.715976+00:00', ...}, {'assigned_technician': '11a924a0-c265-4da1-8bf4-db4553383cb2', 'checklist': [], 'completed_at': None, 'created_at': '2026-02-22T21:55:20.580050+00:00', ...}, {'assigned_technician': '11a924a0-c265-4da1-8bf4-db4553383cb2', 'checklist': [], 'completed_at': None, 'created_at': '2026-02-22T21:55:20.477874+00:00', ...}, {'assigned_technician': '11a924a0-c265-4da1-8bf4-db4553383cb2', 'checklist': [{'completed': True, 'completed_at': '2026-02-22T12:00:00', 'id': '5b7854a3-44a2-44ae-a02b-7123327bd29a', 'task': 'Müşteri ile randevu onayı'}, {'completed': False, 'completed_at': None, 'id': 'bf024850-9848-46fc-93b4-cdce0dd5bd6c', 'task': 'Cihaz fiziksel kontrolü'}, {'completed': False, 'completed_at': None, 'id': '44f6ccaf-e8d8-4dcf-8af9-c9a21d4be5d8', 'task': 'Arıza tespiti ve analiz'}], 'completed_at': None, 'created_at': '2026-02-22T21:55:20.353345+00:00', ...}, {'assigned_technician': '11a924a0-c265-4da1-8bf4-db4553383cb2', 'completed_at': '2026-02-22T21:55:22.141083+00:00', 'created_at': '2026-02-22T20:26:12.468357+00:00', 'customer_signature': 'TEST_Customer Signature Data', ...}], 'summary': {'assigned_tickets': 0, 'avg_time_per_work_order': 120.0, 'checklist_completion_rate': 20.0, 'completed_work_orders': 1, ...}, 'technician_id': '11a924a0-c265-4da1-8bf4-db4553383cb2', ...}">backend/tests/test_new_features.py:433: in test_technician_performance_detail
    assert "name" in data
E   AssertionError: assert 'name' in {'monthly_trend': [{'count': 5, 'month': '2026-02'}], 'recent_work_orders': [{'assigned_technician': '11a924a0-c265-4da1-8bf4-db4553383cb2', 'checklist': [{'completed': False, 'completed_at': None, 'id': 'ddaebd8e-bdba-40e1-a91b-11dab27f0569', 'task': 'Müşteri ile randevu onayı'}, {'completed': False, 'completed_at': None, 'id': '2e8aabfa-207c-49b2-8499-43d3190147c8', 'task': 'Cihaz fiziksel kontrolü'}], 'completed_at': None, 'created_at': '2026-02-22T21:55:23.715976+00:00', ...}, {'assigned_technician': '11a924a0-c265-4da1-8bf4-db4553383cb2', 'checklist': [], 'completed_at': None, 'created_at': '2026-02-22T21:55:20.580050+00:00', ...}, {'assigned_technician': '11a924a0-c265-4da1-8bf4-db4553383cb2', 'checklist': [], 'completed_at': None, 'created_at': '2026-02-22T21:55:20.477874+00:00', ...}, {'assigned_technician': '11a924a0-c265-4da1-8bf4-db4553383cb2', 'checklist': [{'completed': True, 'completed_at': '2026-02-22T12:00:00', 'id': '5b7854a3-44a2-44ae-a02b-7123327bd29a', 'task': 'Müşteri ile randevu onayı'}, {'completed': False, 'completed_at': None, 'id': 'bf024850-9848-46fc-93b4-cdce0dd5bd6c', 'task': 'Cihaz fiziksel kontrolü'}, {'completed': False, 'completed_at': None, 'id': '44f6ccaf-e8d8-4dcf-8af9-c9a21d4be5d8', 'task': 'Arıza tespiti ve analiz'}], 'completed_at': None, 'created_at': '2026-02-22T21:55:20.353345+00:00', ...}, {'assigned_technician': '11a924a0-c265-4da1-8bf4-db4553383cb2', 'completed_at': '2026-02-22T21:55:22.141083+00:00', 'created_at': '2026-02-22T20:26:12.468357+00:00', 'customer_signature': 'TEST_Customer Signature Data', ...}], 'summary': {'assigned_tickets': 0, 'avg_time_per_work_order': 120.0, 'checklist_completion_rate': 20.0, 'completed_work_orders': 1, ...}, 'technician_id': '11a924a0-c265-4da1-8bf4-db4553383cb2', ...}</failure></testcase><testcase classname="backend.tests.test_new_features.TestTechnicianPerformance" name="test_technician_performance_unauthorized" time="0.100" /><testcase classname="backend.tests.test_new_features.TestSLAProfiles" name="test_get_sla_profiles" time="1.219" /></testsuite></testsuites>