<?xml version="1.0" encoding="utf-8"?><testsuites name="pytest tests"><testsuite name="pytest" errors="0" failures="0" skipped="0" tests="20" time="5.658" timestamp="2026-02-23T09:08:33.465586+00:00" hostname="agent-env-04511d54-bb3a-441d-a02e-99f59cdbeb5e"><testcase classname="backend.tests.test_new_features.TestAuth" name="test_login_success" time="0.392" /><testcase classname="backend.tests.test_new_features.TestTicketTimeline" name="test_get_ticket_history" time="0.427" /><testcase classname="backend.tests.test_new_features.TestTicketTimeline" name="test_ticket_history_has_created_event" time="0.132" /><testcase classname="backend.tests.test_new_features.TestTicketTimeline" name="test_ticket_history_not_found" time="0.103" /><testcase classname="backend.tests.test_new_features.TestTicketTimeline" name="test_ticket_history_unauthorized" time="0.096" /><testcase classname="backend.tests.test_new_features.TestContractManagement" name="test_get_contracts_list" time="0.450" /><testcase classname="backend.tests.test_new_features.TestContractManagement" name="test_create_contract" time="0.207" /><testcase classname="backend.tests.test_new_features.TestContractManagement" name="test_get_contract_by_id" time="0.216" /><testcase classname="backend.tests.test_new_features.TestContractManagement" name="test_update_contract" time="0.201" /><testcase classname="backend.tests.test_new_features.TestContractManagement" name="test_delete_contract" time="0.312" /><testcase classname="backend.tests.test_new_features.TestContractManagement" name="test_get_expiring_contracts" time="0.108" /><testcase classname="backend.tests.test_new_features.TestContractManagement" name="test_contracts_unauthorized" time="0.093" /><testcase classname="backend.tests.test_new_features.TestRMAManagement" name="test_get_rma_list" time="0.442" /><testcase classname="backend.tests.test_new_features.TestRMAManagement" name="test_rma_has_progress_fields" time="0.114" /><testcase classname="backend.tests.test_new_features.TestRMAManagement" name="test_rma_unauthorized" time="0.103" /><testcase classname="backend.tests.test_new_features.TestTechnicianPerformance" name="test_get_technician_performance" time="0.449" /><testcase classname="backend.tests.test_new_features.TestTechnicianPerformance" name="test_technician_performance_with_date_filter" time="0.109" /><testcase classname="backend.tests.test_new_features.TestTechnicianPerformance" name="test_technician_performance_detail" time="0.226" /><testcase classname="backend.tests.test_new_features.TestTechnicianPerformance" name="test_technician_performance_unauthorized" time="0.095" /><testcase classname="backend.tests.test_new_features.TestSLAProfiles" name="test_get_sla_profiles" time="1.303" /></testsuite></testsuites>