<?xml version="1.0" encoding="utf-8"?><testsuites name="pytest tests"><testsuite name="pytest" errors="0" failures="0" skipped="0" tests="22" time="5.703" timestamp="2026-02-22T21:55:18.324948+00:00" hostname="agent-env-142cd506-b49e-4715-8852-253f5b38866b"><testcase classname="tests.test_work_orders.TestAuth" name="test_login_success" time="0.435" /><testcase classname="tests.test_work_orders.TestAuth" name="test_login_invalid_credentials" time="0.141" /><testcase classname="tests.test_work_orders.TestWorkOrderList" name="test_get_work_orders" time="0.469" /><testcase classname="tests.test_work_orders.TestWorkOrderList" name="test_get_tickets" time="0.145" /><testcase classname="tests.test_work_orders.TestWorkOrderList" name="test_get_users" time="0.157" /><testcase classname="tests.test_work_orders.TestWorkOrderList" name="test_get_customers" time="0.119" /><testcase classname="tests.test_work_orders.TestWorkOrderCRUD" name="test_create_work_order_onsite" time="0.479" /><testcase classname="tests.test_work_orders.TestWorkOrderCRUD" name="test_create_work_order_remote" time="0.112" /><testcase classname="tests.test_work_orders.TestWorkOrderCRUD" name="test_create_work_order_workshop" time="0.102" /><testcase classname="tests.test_work_orders.TestWorkOrderCRUD" name="test_get_work_order_by_id" time="0.266" /><testcase classname="tests.test_work_orders.TestWorkOrderChecklist" name="test_update_checklist" time="0.260" /><testcase classname="tests.test_work_orders.TestWorkOrderServiceReport" name="test_save_service_report" time="0.285" /><testcase classname="tests.test_work_orders.TestWorkOrderServiceReport" name="test_save_customer_signature" time="0.216" /><testcase classname="tests.test_work_orders.TestWorkOrderStatusUpdate" name="test_update_status_to_in_progress" time="0.303" /><testcase classname="tests.test_work_orders.TestWorkOrderStatusUpdate" name="test_update_status_to_completed" time="0.233" /><testcase classname="tests.test_work_orders.TestWorkOrderFiltering" name="test_filter_by_ticket_id" time="0.268" /><testcase classname="tests.test_work_orders.TestAttachments" name="test_upload_attachment" time="0.265" /><testcase classname="tests.test_work_orders.TestAttachments" name="test_get_attachments" time="0.348" /><testcase classname="tests.test_work_orders.TestTicketWorkOrderIntegration" name="test_get_ticket_details" time="0.269" /><testcase classname="tests.test_work_orders.TestTicketWorkOrderIntegration" name="test_create_work_order_from_ticket" time="0.422" /><testcase classname="tests.test_work_orders.TestDashboardReports" name="test_dashboard_stats" time="0.164" /><testcase classname="tests.test_work_orders.TestDashboardReports" name="test_technician_performance" time="0.124" /></testsuite></testsuites>